!SESSION 2015-10-07 12:32:44.819 -----------------------------------------------
eclipse.buildId=unknown
java.version=1.8.0_20
java.vendor=Oracle Corporation
BootLoader constants: OS=macosx, ARCH=x86_64, WS=cocoa, NL=nb_NO

!ENTRY org.eclipse.osgi 4 0 2015-10-07 12:32:45.041
!MESSAGE The -clean (osgi.clean) option was not successful. Unable to clean the storage area: /Users/kristianenge/Privat/Openhab2/runtime/server/configuration/org.eclipse.osgi

!ENTRY org.eclipse.osgi 4 0 2015-10-07 12:32:45.052
!MESSAGE Error reading configuration: /Users/kristianenge/Privat/Openhab2/runtime/server/configuration/org.eclipse.osgi/.manager/.fileTableLock (Permission denied)
!STACK 0
java.io.FileNotFoundException: /Users/kristianenge/Privat/Openhab2/runtime/server/configuration/org.eclipse.osgi/.manager/.fileTableLock (Permission denied)
	at java.io.RandomAccessFile.open(Native Method)
	at java.io.RandomAccessFile.<init>(RandomAccessFile.java:243)
	at org.eclipse.osgi.internal.location.Locker_JavaNio.lock(Locker_JavaNio.java:36)
	at org.eclipse.osgi.storagemanager.StorageManager.lock(StorageManager.java:388)
	at org.eclipse.osgi.storagemanager.StorageManager.open(StorageManager.java:701)
	at org.eclipse.osgi.storage.Storage.getChildStorageManager(Storage.java:1749)
	at org.eclipse.osgi.storage.Storage.getInfoInputStream(Storage.java:1766)
	at org.eclipse.osgi.storage.Storage.<init>(Storage.java:126)
	at org.eclipse.osgi.storage.Storage.createStorage(Storage.java:85)
	at org.eclipse.osgi.internal.framework.EquinoxContainer.<init>(EquinoxContainer.java:75)
	at org.eclipse.osgi.launch.Equinox.<init>(Equinox.java:31)
	at org.eclipse.core.runtime.adaptor.EclipseStarter.startup(EclipseStarter.java:295)
	at org.eclipse.core.runtime.adaptor.EclipseStarter.run(EclipseStarter.java:231)
	at sun.reflect.NativeMethodAccessorImpl.invoke0(Native Method)
	at sun.reflect.NativeMethodAccessorImpl.invoke(NativeMethodAccessorImpl.java:62)
	at sun.reflect.DelegatingMethodAccessorImpl.invoke(DelegatingMethodAccessorImpl.java:43)
	at java.lang.reflect.Method.invoke(Method.java:483)
	at org.eclipse.equinox.launcher.Main.invokeFramework(Main.java:648)
	at org.eclipse.equinox.launcher.Main.basicRun(Main.java:603)
	at org.eclipse.equinox.launcher.Main.run(Main.java:1465)
	at org.eclipse.equinox.launcher.Main.main(Main.java:1438)
