2015-10-07 09:42:45,556 - Temperature_GF_Corridor  : 21.4
2015-10-07 09:42:45,560 - Temperature_GF_Toilet    : 18.5
2015-10-07 09:42:45,562 - Temperature_GF_Living    : 20.0
2015-10-07 09:42:45,566 - Temperature_GF_Kitchen   : 19.2
2015-10-07 09:42:45,569 - Temperature_FF_Bath      : 17.8
2015-10-07 09:42:45,572 - Temperature_FF_Office    : 22.2
2015-10-07 09:42:45,576 - Temperature_FF_Child     : 21.4
2015-10-07 09:42:45,579 - Temperature_FF_Bed       : 19.2
2015-10-07 09:45:00,115 - Temperature_GF_Corridor  : 22.0
2015-10-07 09:45:00,140 - Temperature_GF_Toilet    : 22.1
2015-10-07 09:45:00,141 - Temperature_GF_Living    : 22.1
2015-10-07 09:45:00,144 - Temperature_GF_Kitchen   : 20.1
2015-10-07 09:45:00,145 - Temperature_FF_Bath      : 17.6
2015-10-07 09:45:00,148 - Temperature_FF_Office    : 20.1
2015-10-07 09:45:00,162 - Temperature_FF_Child     : 19.7
2015-10-07 09:45:00,178 - Temperature_FF_Bed       : 19.4
2015-10-07 09:50:00,088 - Temperature_GF_Corridor  : 19.9
2015-10-07 09:50:00,092 - Temperature_GF_Toilet    : 20.3
2015-10-07 09:50:00,099 - Temperature_GF_Living    : 21.6
2015-10-07 09:50:00,111 - Temperature_GF_Kitchen   : 17.8
2015-10-07 09:50:00,114 - Temperature_FF_Bath      : 17.8
2015-10-07 09:50:00,131 - Temperature_FF_Office    : 18.3
2015-10-07 09:50:00,134 - Temperature_FF_Child     : 20.8
2015-10-07 09:50:00,147 - Temperature_FF_Bed       : 20.3
2015-10-07 09:55:00,036 - Temperature_GF_Corridor  : 22.4
2015-10-07 09:55:00,070 - Temperature_GF_Toilet    : 19.9
2015-10-07 09:55:00,072 - Temperature_GF_Living    : 20.4
2015-10-07 09:55:00,099 - Temperature_GF_Kitchen   : 21.8
2015-10-07 09:55:00,118 - Temperature_FF_Bath      : 21.4
2015-10-07 09:55:00,120 - Temperature_FF_Office    : 17.8
2015-10-07 09:55:00,123 - Temperature_FF_Child     : 21.1
2015-10-07 09:55:00,125 - Temperature_FF_Bed       : 21.6
2015-10-07 10:00:00,032 - Temperature_GF_Corridor  : 22.1
2015-10-07 10:00:00,052 - Temperature_GF_Toilet    : 22.2
2015-10-07 10:00:00,054 - Temperature_GF_Living    : 22.0
2015-10-07 10:00:00,056 - Temperature_GF_Kitchen   : 18.9
2015-10-07 10:00:00,057 - Temperature_FF_Bath      : 17.6
2015-10-07 10:00:00,067 - Temperature_FF_Office    : 22.0
2015-10-07 10:00:00,069 - Temperature_FF_Child     : 20.1
2015-10-07 10:00:00,071 - Temperature_FF_Bed       : 20.7
2015-10-07 10:05:00,021 - Temperature_GF_Corridor  : 19.9
2015-10-07 10:05:00,027 - Temperature_GF_Toilet    : 21.3
2015-10-07 10:05:00,035 - Temperature_GF_Living    : 19.9
2015-10-07 10:05:00,037 - Temperature_GF_Kitchen   : 18.4
2015-10-07 10:05:00,039 - Temperature_FF_Bath      : 18.7
2015-10-07 10:05:00,046 - Temperature_FF_Office    : 21.2
2015-10-07 10:05:00,050 - Temperature_FF_Child     : 20.6
2015-10-07 10:05:00,052 - Temperature_FF_Bed       : 18.7
2015-10-07 10:10:00,310 - Temperature_GF_Corridor  : 19.3
2015-10-07 10:10:00,316 - Temperature_GF_Toilet    : 22.4
2015-10-07 10:10:00,328 - Temperature_GF_Living    : 21.8
2015-10-07 10:10:00,406 - Temperature_GF_Kitchen   : 18.6
2015-10-07 10:10:00,424 - Temperature_FF_Bath      : 18.4
2015-10-07 10:10:00,426 - Temperature_FF_Office    : 22.1
2015-10-07 10:10:00,427 - Temperature_FF_Child     : 21.5
2015-10-07 10:10:00,431 - Temperature_FF_Bed       : 20.6
2015-10-07 10:15:00,018 - Temperature_GF_Corridor  : 20.9
2015-10-07 10:15:00,035 - Temperature_GF_Toilet    : 22.0
2015-10-07 10:15:00,038 - Temperature_GF_Living    : 18.0
2015-10-07 10:15:00,040 - Temperature_GF_Kitchen   : 17.8
2015-10-07 10:15:00,045 - Temperature_FF_Bath      : 21.3
2015-10-07 10:15:00,046 - Temperature_FF_Office    : 18.2
2015-10-07 10:15:00,048 - Temperature_FF_Child     : 20.0
2015-10-07 10:15:00,061 - Temperature_FF_Bed       : 22.3
2015-10-07 10:20:00,101 - Temperature_GF_Corridor  : 19.8
2015-10-07 10:20:00,106 - Temperature_GF_Toilet    : 21.3
2015-10-07 10:20:00,109 - Temperature_GF_Living    : 20.9
2015-10-07 10:20:00,116 - Temperature_GF_Kitchen   : 18.0
2015-10-07 10:20:00,129 - Temperature_FF_Bath      : 21.4
2015-10-07 10:20:00,140 - Temperature_FF_Office    : 19.3
2015-10-07 10:20:00,148 - Temperature_FF_Child     : 21.2
2015-10-07 10:20:00,149 - Temperature_FF_Bed       : 19.1
2015-10-07 10:25:00,013 - Temperature_GF_Corridor  : 21.5
2015-10-07 10:25:00,033 - Temperature_GF_Toilet    : 19.6
2015-10-07 10:25:00,035 - Temperature_GF_Living    : 20.4
2015-10-07 10:25:00,067 - Temperature_GF_Kitchen   : 17.6
2015-10-07 10:25:00,101 - Temperature_FF_Bath      : 21.0
2015-10-07 10:25:00,103 - Temperature_FF_Office    : 22.0
2015-10-07 10:25:00,121 - Temperature_FF_Child     : 19.4
2015-10-07 10:25:00,144 - Temperature_FF_Bed       : 21.7
2015-10-07 10:30:00,029 - Temperature_GF_Corridor  : 19.8
2015-10-07 10:30:00,032 - Temperature_GF_Toilet    : 20.1
2015-10-07 10:30:00,035 - Temperature_GF_Living    : 20.0
2015-10-07 10:30:00,051 - Temperature_GF_Kitchen   : 19.2
2015-10-07 10:30:00,060 - Temperature_FF_Bath      : 21.4
2015-10-07 10:30:00,069 - Temperature_FF_Office    : 17.9
2015-10-07 10:30:00,080 - Temperature_FF_Child     : 21.5
2015-10-07 10:30:00,083 - Temperature_FF_Bed       : 18.0
2015-10-07 10:35:00,036 - Temperature_GF_Corridor  : 17.6
2015-10-07 10:35:00,066 - Temperature_GF_Toilet    : 18.3
2015-10-07 10:35:00,074 - Temperature_GF_Living    : 19.6
2015-10-07 10:35:00,087 - Temperature_GF_Kitchen   : 18.2
2015-10-07 10:35:00,088 - Temperature_FF_Bath      : 20.8
2015-10-07 10:35:00,102 - Temperature_FF_Office    : 19.7
2015-10-07 10:35:00,103 - Temperature_FF_Child     : 19.0
2015-10-07 10:35:00,105 - Temperature_FF_Bed       : 21.5
2015-10-07 10:40:00,034 - Temperature_GF_Corridor  : 22.1
2015-10-07 10:40:00,060 - Temperature_GF_Toilet    : 18.6
2015-10-07 10:40:00,062 - Temperature_GF_Living    : 19.2
2015-10-07 10:40:00,064 - Temperature_GF_Kitchen   : 19.3
2015-10-07 10:40:00,065 - Temperature_FF_Bath      : 21.5
2015-10-07 10:40:00,066 - Temperature_FF_Office    : 17.7
2015-10-07 10:40:00,084 - Temperature_FF_Child     : 20.6
2015-10-07 10:40:00,086 - Temperature_FF_Bed       : 17.9
2015-10-07 10:45:00,021 - Temperature_GF_Corridor  : 21.5
2015-10-07 10:45:00,055 - Temperature_GF_Toilet    : 21.3
2015-10-07 10:45:00,057 - Temperature_GF_Living    : 17.8
2015-10-07 10:45:00,064 - Temperature_GF_Kitchen   : 20.2
2015-10-07 10:45:00,065 - Temperature_FF_Bath      : 18.2
2015-10-07 10:45:00,068 - Temperature_FF_Office    : 19.9
2015-10-07 10:45:00,069 - Temperature_FF_Child     : 21.7
2015-10-07 10:45:00,071 - Temperature_FF_Bed       : 18.8
2015-10-07 10:50:00,108 - Temperature_GF_Corridor  : 19.5
2015-10-07 10:50:00,473 - Temperature_GF_Toilet    : 18.8
2015-10-07 10:50:00,475 - Temperature_GF_Living    : 22.1
2015-10-07 10:50:00,482 - Temperature_GF_Kitchen   : 19.6
2015-10-07 10:50:00,620 - Temperature_FF_Bath      : 21.4
2015-10-07 10:50:00,630 - Temperature_FF_Office    : 22.1
2015-10-07 10:50:00,717 - Temperature_FF_Child     : 20.2
2015-10-07 10:50:00,719 - Temperature_FF_Bed       : 21.3
2015-10-07 10:55:00,262 - Temperature_GF_Corridor  : 19.1
2015-10-07 10:55:00,265 - Temperature_GF_Toilet    : 20.7
2015-10-07 10:55:00,266 - Temperature_GF_Living    : 21.9
2015-10-07 10:55:00,311 - Temperature_GF_Kitchen   : 22.0
2015-10-07 10:55:00,315 - Temperature_FF_Bath      : 20.5
2015-10-07 10:55:00,323 - Temperature_FF_Office    : 21.1
2015-10-07 10:55:00,324 - Temperature_FF_Child     : 18.5
2015-10-07 10:55:00,325 - Temperature_FF_Bed       : 20.8
2015-10-07 11:00:00,062 - Temperature_GF_Corridor  : 17.7
2015-10-07 11:00:00,065 - Temperature_GF_Toilet    : 21.2
2015-10-07 11:00:00,068 - Temperature_GF_Living    : 19.1
2015-10-07 11:00:00,071 - Temperature_GF_Kitchen   : 22.3
2015-10-07 11:00:00,075 - Temperature_FF_Bath      : 19.2
2015-10-07 11:00:00,076 - Temperature_FF_Office    : 21.3
2015-10-07 11:00:00,079 - Temperature_FF_Child     : 22.2
2015-10-07 11:00:00,081 - Temperature_FF_Bed       : 22.3
2015-10-07 11:05:00,010 - Temperature_GF_Corridor  : 21.1
2015-10-07 11:05:00,012 - Temperature_GF_Toilet    : 22.5
2015-10-07 11:05:00,015 - Temperature_GF_Living    : 19.3
2015-10-07 11:05:00,017 - Temperature_GF_Kitchen   : 20.1
2015-10-07 11:05:00,021 - Temperature_FF_Bath      : 20.0
2015-10-07 11:05:00,023 - Temperature_FF_Office    : 21.5
2015-10-07 11:05:00,025 - Temperature_FF_Child     : 21.1
2015-10-07 11:05:00,027 - Temperature_FF_Bed       : 21.5
2015-10-07 11:10:00,014 - Temperature_GF_Corridor  : 20.7
2015-10-07 11:10:00,032 - Temperature_GF_Toilet    : 22.4
2015-10-07 11:10:00,034 - Temperature_GF_Living    : 17.7
2015-10-07 11:10:00,036 - Temperature_GF_Kitchen   : 18.9
2015-10-07 11:10:00,037 - Temperature_FF_Bath      : 21.5
2015-10-07 11:10:00,039 - Temperature_FF_Office    : 18.8
2015-10-07 11:10:00,041 - Temperature_FF_Child     : 17.8
2015-10-07 11:10:00,154 - Temperature_FF_Bed       : 18.4
2015-10-07 11:15:00,013 - Temperature_GF_Corridor  : 20.1
2015-10-07 11:15:00,022 - Temperature_GF_Toilet    : 18.1
2015-10-07 11:15:00,026 - Temperature_GF_Living    : 19.2
2015-10-07 11:15:00,028 - Temperature_GF_Kitchen   : 19.3
2015-10-07 11:15:00,032 - Temperature_FF_Bath      : 19.1
2015-10-07 11:15:00,041 - Temperature_FF_Office    : 21.4
2015-10-07 11:15:00,043 - Temperature_FF_Child     : 22.5
2015-10-07 11:15:00,044 - Temperature_FF_Bed       : 17.6
2015-10-07 11:20:00,026 - Temperature_GF_Corridor  : 18.1
2015-10-07 11:20:00,028 - Temperature_GF_Toilet    : 20.8
2015-10-07 11:20:00,030 - Temperature_GF_Living    : 18.2
2015-10-07 11:20:00,031 - Temperature_GF_Kitchen   : 22.0
2015-10-07 11:20:00,033 - Temperature_FF_Bath      : 20.8
2015-10-07 11:20:00,035 - Temperature_FF_Office    : 20.4
2015-10-07 11:20:00,036 - Temperature_FF_Child     : 19.7
2015-10-07 11:20:00,038 - Temperature_FF_Bed       : 22.5
2015-10-07 11:25:00,019 - Temperature_GF_Corridor  : 21.6
2015-10-07 11:25:00,020 - Temperature_GF_Toilet    : 21.0
2015-10-07 11:25:00,024 - Temperature_GF_Living    : 22.3
2015-10-07 11:25:00,026 - Temperature_GF_Kitchen   : 19.2
2015-10-07 11:25:00,027 - Temperature_FF_Bath      : 18.8
2015-10-07 11:25:00,030 - Temperature_FF_Office    : 18.0
2015-10-07 11:25:00,032 - Temperature_FF_Child     : 20.0
2015-10-07 11:25:00,034 - Temperature_FF_Bed       : 19.7
2015-10-07 11:30:00,016 - Temperature_GF_Corridor  : 19.1
2015-10-07 11:30:00,019 - Temperature_GF_Toilet    : 20.4
2015-10-07 11:30:00,020 - Temperature_GF_Living    : 17.9
2015-10-07 11:30:00,021 - Temperature_GF_Kitchen   : 17.9
2015-10-07 11:30:00,026 - Temperature_FF_Bath      : 19.2
2015-10-07 11:30:00,028 - Temperature_FF_Office    : 21.6
2015-10-07 11:30:00,029 - Temperature_FF_Child     : 22.0
2015-10-07 11:30:00,030 - Temperature_FF_Bed       : 18.7
2015-10-07 11:35:00,014 - Temperature_GF_Corridor  : 22.0
2015-10-07 11:35:00,016 - Temperature_GF_Toilet    : 17.8
2015-10-07 11:35:00,018 - Temperature_GF_Living    : 19.6
2015-10-07 11:35:00,020 - Temperature_GF_Kitchen   : 20.6
2015-10-07 11:35:00,026 - Temperature_FF_Bath      : 22.4
2015-10-07 11:35:00,029 - Temperature_FF_Office    : 19.3
2015-10-07 11:35:00,030 - Temperature_FF_Child     : 22.2
2015-10-07 11:35:00,032 - Temperature_FF_Bed       : 20.7
2015-10-07 11:40:00,007 - Temperature_GF_Corridor  : 18.0
2015-10-07 11:40:00,012 - Temperature_GF_Toilet    : 21.9
2015-10-07 11:40:00,013 - Temperature_GF_Living    : 21.4
2015-10-07 11:40:00,015 - Temperature_GF_Kitchen   : 21.6
2015-10-07 11:40:00,016 - Temperature_FF_Bath      : 19.1
2015-10-07 11:40:00,019 - Temperature_FF_Office    : 21.0
2015-10-07 11:40:00,048 - Temperature_FF_Child     : 20.9
2015-10-07 11:40:00,286 - Temperature_FF_Bed       : 18.2
2015-10-07 11:45:00,010 - Temperature_GF_Corridor  : 18.1
2015-10-07 11:45:00,012 - Temperature_GF_Toilet    : 19.3
2015-10-07 11:45:00,018 - Temperature_GF_Living    : 19.4
2015-10-07 11:45:00,021 - Temperature_GF_Kitchen   : 20.4
2015-10-07 11:45:00,023 - Temperature_FF_Bath      : 18.6
2015-10-07 11:45:00,025 - Temperature_FF_Office    : 21.1
2015-10-07 11:50:00,026 - Temperature_GF_Corridor  : 17.7
2015-10-07 11:50:00,029 - Temperature_GF_Toilet    : 20.2
2015-10-07 11:50:00,035 - Temperature_GF_Living    : 18.5
2015-10-07 11:50:00,040 - Temperature_GF_Kitchen   : 21.6
2015-10-07 11:50:00,042 - Temperature_FF_Bath      : 20.3
2015-10-07 11:50:00,044 - Temperature_FF_Office    : 17.6
2015-10-07 11:50:00,046 - Temperature_FF_Child     : 17.6
2015-10-07 11:50:00,050 - Temperature_FF_Bed       : 17.7
2015-10-07 11:55:00,112 - Temperature_GF_Corridor  : 19.4
2015-10-07 11:55:00,116 - Temperature_GF_Toilet    : 18.5
2015-10-07 11:55:00,163 - Temperature_GF_Living    : 19.9
2015-10-07 11:55:00,164 - Temperature_GF_Kitchen   : 18.5
2015-10-07 11:55:00,166 - Temperature_FF_Bath      : 18.5
2015-10-07 11:55:00,168 - Temperature_FF_Office    : 17.8
2015-10-07 11:55:00,201 - Temperature_FF_Child     : 20.6
2015-10-07 11:55:00,202 - Temperature_FF_Bed       : 17.9
2015-10-07 12:23:03,567 - Temperature_GF_Corridor  : 22.2
2015-10-07 12:23:03,572 - Temperature_GF_Toilet    : 22.3
2015-10-07 12:23:03,591 - Temperature_GF_Living    : 20.2
2015-10-07 12:23:03,600 - Temperature_GF_Kitchen   : 21.1
2015-10-07 12:23:03,612 - Temperature_FF_Bath      : 17.6
2015-10-07 12:23:03,618 - Temperature_FF_Office    : 19.9
2015-10-07 12:23:03,621 - Temperature_FF_Child     : 20.6
2015-10-07 12:23:03,623 - Temperature_FF_Bed       : 17.7
2015-10-07 12:25:00,029 - Temperature_GF_Corridor  : 18.3
2015-10-07 12:25:00,046 - Temperature_GF_Toilet    : 20.3
2015-10-07 12:25:00,051 - Temperature_GF_Living    : 19.7
2015-10-07 12:25:00,058 - Temperature_GF_Kitchen   : 21.0
2015-10-07 12:25:00,094 - Temperature_FF_Bath      : 22.4
2015-10-07 12:25:00,096 - Temperature_FF_Office    : 17.8
2015-10-07 12:25:00,111 - Temperature_FF_Child     : 18.4
2015-10-07 12:25:00,112 - Temperature_FF_Bed       : 18.4
2015-10-07 12:30:00,028 - Temperature_GF_Corridor  : 18.8
2015-10-07 12:30:00,099 - Temperature_GF_Toilet    : 19.0
2015-10-07 12:30:00,103 - Temperature_GF_Living    : 18.2
2015-10-07 12:30:00,105 - Temperature_GF_Kitchen   : 19.3
2015-10-07 12:30:00,107 - Temperature_FF_Bath      : 20.6
2015-10-07 12:30:00,109 - Temperature_FF_Office    : 20.2
2015-10-07 12:30:00,111 - Temperature_FF_Child     : 22.0
2015-10-07 12:30:00,112 - Temperature_FF_Bed       : 20.8
2015-10-07 12:33:25,892 - Temperature_GF_Corridor  : 21.0
2015-10-07 12:33:25,905 - Temperature_GF_Toilet    : 21.4
2015-10-07 12:33:25,916 - Temperature_GF_Living    : 20.3
2015-10-07 12:33:25,921 - Temperature_GF_Kitchen   : 22.5
2015-10-07 12:33:25,940 - Temperature_FF_Bath      : 18.6
2015-10-07 12:33:25,954 - Temperature_FF_Office    : 22.0
2015-10-07 12:33:25,988 - Temperature_FF_Bed       : 22.3
2015-10-07 12:35:00,065 - Temperature_GF_Corridor  : 17.9
2015-10-07 12:35:00,123 - Temperature_GF_Toilet    : 21.5
2015-10-07 12:35:00,154 - Temperature_GF_Living    : 17.8
2015-10-07 12:35:00,169 - Temperature_GF_Kitchen   : 22.0
2015-10-07 12:35:00,240 - Temperature_FF_Bath      : 21.5
2015-10-07 12:35:00,245 - Temperature_FF_Office    : 21.7
2015-10-07 12:35:00,255 - Temperature_FF_Child     : 21.3
2015-10-07 12:35:00,257 - Temperature_FF_Bed       : 21.4
2015-10-07 12:40:00,067 - Temperature_GF_Corridor  : 19.1
2015-10-07 12:40:00,080 - Temperature_GF_Toilet    : 19.9
2015-10-07 12:40:00,098 - Temperature_GF_Living    : 19.4
2015-10-07 12:40:00,106 - Temperature_GF_Kitchen   : 19.6
2015-10-07 12:40:00,146 - Temperature_FF_Bath      : 22.4
2015-10-07 12:40:00,243 - Temperature_FF_Office    : 17.8
2015-10-07 12:40:00,245 - Temperature_FF_Child     : 19.6
2015-10-07 12:40:00,247 - Temperature_FF_Bed       : 22.3
2015-10-07 12:45:00,089 - Temperature_GF_Corridor  : 19.3
2015-10-07 12:45:00,092 - Temperature_GF_Toilet    : 21.1
2015-10-07 12:45:00,094 - Temperature_GF_Living    : 18.3
2015-10-07 12:45:00,099 - Temperature_GF_Kitchen   : 21.0
2015-10-07 12:45:00,101 - Temperature_FF_Bath      : 18.7
2015-10-07 12:45:00,241 - Temperature_FF_Child     : 20.9
2015-10-07 12:45:00,243 - Temperature_FF_Bed       : 19.0
2015-10-07 12:50:00,161 - Temperature_GF_Corridor  : 17.6
2015-10-07 12:50:00,167 - Temperature_GF_Toilet    : 22.5
2015-10-07 12:50:00,190 - Temperature_GF_Living    : 19.9
2015-10-07 12:50:00,241 - Temperature_GF_Kitchen   : 17.7
2015-10-07 12:50:00,244 - Temperature_FF_Bath      : 22.4
2015-10-07 12:50:00,258 - Temperature_FF_Office    : 21.6
2015-10-07 12:50:00,260 - Temperature_FF_Child     : 18.4
2015-10-07 12:50:00,269 - Temperature_FF_Bed       : 17.8
2015-10-07 12:55:00,055 - Temperature_GF_Corridor  : 18.0
2015-10-07 12:55:00,060 - Temperature_GF_Toilet    : 21.8
2015-10-07 12:55:00,062 - Temperature_GF_Living    : 22.4
2015-10-07 12:55:00,065 - Temperature_GF_Kitchen   : 19.7
2015-10-07 12:55:00,067 - Temperature_FF_Bath      : 17.8
2015-10-07 12:55:00,069 - Temperature_FF_Office    : 21.1
2015-10-07 12:55:00,071 - Temperature_FF_Child     : 17.7
2015-10-07 12:55:00,073 - Temperature_FF_Bed       : 18.5
2015-10-07 12:59:33,711 - Temperature_GF_Corridor  : 20.2
2015-10-07 12:59:33,717 - Temperature_GF_Toilet    : 21.4
2015-10-07 12:59:33,739 - Temperature_GF_Living    : 20.8
2015-10-07 12:59:33,764 - Temperature_GF_Kitchen   : 17.8
2015-10-07 12:59:33,767 - Temperature_FF_Bath      : 18.2
2015-10-07 12:59:33,776 - Temperature_FF_Office    : 18.8
2015-10-07 12:59:33,780 - Temperature_FF_Child     : 21.2
2015-10-07 12:59:33,812 - Temperature_FF_Bed       : 18.9
2015-10-07 13:00:00,048 - Temperature_GF_Corridor  : 19.3
2015-10-07 13:00:00,056 - Temperature_GF_Toilet    : 21.9
2015-10-07 13:00:00,060 - Temperature_GF_Living    : 20.7
2015-10-07 13:00:00,062 - Temperature_GF_Kitchen   : 19.1
2015-10-07 13:00:00,064 - Temperature_FF_Bath      : 20.9
2015-10-07 13:00:00,066 - Temperature_FF_Office    : 21.4
2015-10-07 13:00:00,068 - Temperature_FF_Child     : 21.5
2015-10-07 13:00:00,141 - Temperature_FF_Bed       : 21.0
2015-10-07 17:40:05,019 - Temperature_GF_Corridor  : 21.7
2015-10-07 17:40:05,041 - Temperature_GF_Toilet    : 19.5
2015-10-07 17:40:05,048 - Temperature_GF_Living    : 21.9
2015-10-07 17:40:05,051 - Temperature_GF_Kitchen   : 19.6
2015-10-07 17:40:05,054 - Temperature_FF_Bath      : 19.7
2015-10-07 17:40:05,079 - Temperature_FF_Office    : 19.6
2015-10-07 17:40:05,083 - Temperature_FF_Child     : 21.3
2015-10-07 17:40:05,097 - Temperature_FF_Bed       : 20.9
2015-10-07 17:40:05,342 - Temperature_GF_Corridor  : 20.2
2015-10-07 17:40:05,344 - Temperature_GF_Toilet    : 19.4
2015-10-07 17:40:05,346 - Temperature_GF_Living    : 22.5
2015-10-07 17:40:05,349 - Temperature_GF_Kitchen   : 20.5
2015-10-07 17:40:05,362 - Temperature_FF_Bath      : 21.4
2015-10-07 17:40:05,373 - Temperature_FF_Office    : 22.2
2015-10-07 17:40:05,388 - Temperature_FF_Child     : 19.3
2015-10-07 17:40:05,391 - Temperature_FF_Bed       : 19.7
